Generated at 2011-12-07 11:32:52 -0800
Chef::Exceptions::Exec: service[nginx] (chef-server::nginx line 147) had an error: /opt/opscode/embedded/bin/chpst -u root /opt/opscode/embedded/bin/sv restart /opt/opscode/service/nginx returned 1, expected 0
/opt/opscode/embedded/lib/ruby/gems/1.9.1/gems/chef-0.10.4/lib/chef/mixin/command.rb:185:in `handle_command_failures'
/opt/opscode/embedded/lib/ruby/gems/1.9.1/gems/chef-0.10.4/lib/chef/mixin/command.rb:132:in `run_command'
/opt/opscode/embedded/lib/ruby/gems/1.9.1/gems/chef-0.10.4/lib/chef/provider/service/simple.rb:98:in `restart_service'
/opt/opscode/embedded/lib/ruby/gems/1.9.1/gems/chef-0.10.4/lib/chef/provider/service/init.rb:51:in `restart_service'
/opt/opscode/embedded/lib/ruby/gems/1.9.1/gems/chef-0.10.4/lib/chef/provider/service.rb:78:in `action_restart'
/opt/opscode/embedded/lib/ruby/gems/1.9.1/gems/chef-0.10.4/lib/chef/resource.rb:437:in `run_action'
/opt/opscode/embedded/lib/ruby/gems/1.9.1/gems/chef-0.10.4/lib/chef/runner.rb:45:in `run_action'
/opt/opscode/embedded/lib/ruby/gems/1.9.1/gems/chef-0.10.4/lib/chef/runner.rb:99:in `block in converge'
/opt/opscode/embedded/lib/ruby/gems/1.9.1/gems/chef-0.10.4/lib/chef/runner.rb:95:in `each'
/opt/opscode/embedded/lib/ruby/gems/1.9.1/gems/chef-0.10.4/lib/chef/runner.rb:95:in `converge'
/opt/opscode/embedded/lib/ruby/gems/1.9.1/gems/chef-0.10.4/lib/chef/client.rb:312:in `converge'
/opt/opscode/embedded/lib/ruby/gems/1.9.1/gems/chef-0.10.4/lib/chef/client.rb:160:in `run'
/opt/opscode/embedded/lib/ruby/gems/1.9.1/gems/chef-0.10.4/lib/chef/application/solo.rb:192:in `block in run_application'
/opt/opscode/embedded/lib/ruby/gems/1.9.1/gems/chef-0.10.4/lib/chef/application/solo.rb:183:in `loop'
/opt/opscode/embedded/lib/ruby/gems/1.9.1/gems/chef-0.10.4/lib/chef/application/solo.rb:183:in `run_application'
/opt/opscode/embedded/lib/ruby/gems/1.9.1/gems/chef-0.10.4/lib/chef/application.rb:67:in `run'
/opt/opscode/embedded/lib/ruby/gems/1.9.1/gems/chef-0.10.4/bin/chef-solo:25:in `<top (required)>'
/usr/bin/chef-solo:19:in `load'
/usr/bin/chef-solo:19:in `<main>'