# Logfile created on 2014-03-08 08:45:11 -0800 by logger.rb/31641
I, [2014-03-08T08:45:11.022026 #19825]  INFO -- : 0:  rake (10.1.1) from /Users/christiannunciato/.rbenv/versions/1.9.3-p385/lib/ruby/gems/1.9.1/specifications/rake-10.1.1.gemspec
I, [2014-03-08T08:45:11.022499 #19825]  INFO -- : 0:  i18n (0.6.9) from /Users/christiannunciato/.rbenv/versions/1.9.3-p385/lib/ruby/gems/1.9.1/specifications/i18n-0.6.9.gemspec
I, [2014-03-08T08:45:11.022870 #19825]  INFO -- : 0:  multi_json (1.9.0) from /Users/christiannunciato/.rbenv/versions/1.9.3-p385/lib/ruby/gems/1.9.1/specifications/multi_json-1.9.0.gemspec
I, [2014-03-08T08:45:11.023226 #19825]  INFO -- : 0:  activesupport (3.2.17) from /Users/christiannunciato/.rbenv/versions/1.9.3-p385/lib/ruby/gems/1.9.1/specifications/activesupport-3.2.17.gemspec
I, [2014-03-08T08:45:11.023552 #19825]  INFO -- : 0:  addressable (2.3.5) from /Users/christiannunciato/.rbenv/versions/1.9.3-p385/lib/ruby/gems/1.9.1/specifications/addressable-2.3.5.gemspec
I, [2014-03-08T08:45:11.023904 #19825]  INFO -- : 0:  builder (3.2.2) from /Users/christiannunciato/.rbenv/versions/1.9.3-p385/lib/ruby/gems/1.9.1/specifications/builder-3.2.2.gemspec
I, [2014-03-08T08:45:11.024232 #19825]  INFO -- : 0:  gyoku (1.1.1) from /Users/christiannunciato/.rbenv/versions/1.9.3-p385/lib/ruby/gems/1.9.1/specifications/gyoku-1.1.1.gemspec
I, [2014-03-08T08:45:11.024552 #19825]  INFO -- : 0:  nokogiri (1.5.11) from /Users/christiannunciato/.rbenv/versions/1.9.3-p385/lib/ruby/gems/1.9.1/specifications/nokogiri-1.5.11.gemspec
I, [2014-03-08T08:45:11.024864 #19825]  INFO -- : 0:  akami (1.2.1) from /Users/christiannunciato/.rbenv/versions/1.9.3-p385/lib/ruby/gems/1.9.1/specifications/akami-1.2.1.gemspec
I, [2014-03-08T08:45:11.025168 #19825]  INFO -- : 0:  buff-ruby_engine (0.1.0) from /Users/christiannunciato/.rbenv/versions/1.9.3-p385/lib/ruby/gems/1.9.1/specifications/buff-ruby_engine-0.1.0.gemspec
I, [2014-03-08T08:45:11.025472 #19825]  INFO -- : 0:  buff-shell_out (0.1.1) from /Users/christiannunciato/.rbenv/versions/1.9.3-p385/lib/ruby/gems/1.9.1/specifications/buff-shell_out-0.1.1.gemspec
I, [2014-03-08T08:45:11.025781 #19825]  INFO -- : 0:  hashie (2.0.5) from /Users/christiannunciato/.rbenv/versions/1.9.3-p385/lib/ruby/gems/1.9.1/specifications/hashie-2.0.5.gemspec
I, [2014-03-08T08:45:11.026086 #19825]  INFO -- : 0:  chozo (0.6.1) from /Users/christiannunciato/.rbenv/versions/1.9.3-p385/lib/ruby/gems/1.9.1/specifications/chozo-0.6.1.gemspec
I, [2014-03-08T08:45:11.026403 #19825]  INFO -- : 0:  multipart-post (1.2.0) from /Users/christiannunciato/.rbenv/versions/1.9.3-p385/lib/ruby/gems/1.9.1/specifications/multipart-post-1.2.0.gemspec
I, [2014-03-08T08:45:11.026738 #19825]  INFO -- : 0:  faraday (0.8.9) from /Users/christiannunciato/.rbenv/versions/1.9.3-p385/lib/ruby/gems/1.9.1/specifications/faraday-0.8.9.gemspec
I, [2014-03-08T08:45:11.027042 #19825]  INFO -- : 0:  minitar (0.5.4) from /Users/christiannunciato/.rbenv/versions/1.9.3-p385/lib/ruby/gems/1.9.1/specifications/minitar-0.5.4.gemspec
I, [2014-03-08T08:45:11.027352 #19825]  INFO -- : 0:  rbzip2 (0.2.0) from /Users/christiannunciato/.rbenv/versions/1.9.3-p385/lib/ruby/gems/1.9.1/specifications/rbzip2-0.2.0.gemspec
I, [2014-03-08T08:45:11.027665 #19825]  INFO -- : 0:  retryable (1.3.5) from /Users/christiannunciato/.rbenv/versions/1.9.3-p385/lib/ruby/gems/1.9.1/specifications/retryable-1.3.5.gemspec
I, [2014-03-08T08:45:11.027979 #19825]  INFO -- : 0:  buff-extensions (0.5.0) from /Users/christiannunciato/.rbenv/versions/1.9.3-p385/lib/ruby/gems/1.9.1/specifications/buff-extensions-0.5.0.gemspec
I, [2014-03-08T08:45:11.028294 #19825]  INFO -- : 0:  varia_model (0.3.2) from /Users/christiannunciato/.rbenv/versions/1.9.3-p385/lib/ruby/gems/1.9.1/specifications/varia_model-0.3.2.gemspec
I, [2014-03-08T08:45:11.028597 #19825]  INFO -- : 0:  buff-config (0.4.0) from /Users/christiannunciato/.rbenv/versions/1.9.3-p385/lib/ruby/gems/1.9.1/specifications/buff-config-0.4.0.gemspec
I, [2014-03-08T08:45:11.028902 #19825]  INFO -- : 0:  buff-ignore (1.1.1) from /Users/christiannunciato/.rbenv/versions/1.9.3-p385/lib/ruby/gems/1.9.1/specifications/buff-ignore-1.1.1.gemspec
I, [2014-03-08T08:45:11.029211 #19825]  INFO -- : 0:  hitimes (1.2.1) from /Users/christiannunciato/.rbenv/versions/1.9.3-p385/lib/ruby/gems/1.9.1/specifications/hitimes-1.2.1.gemspec
I, [2014-03-08T08:45:11.029512 #19825]  INFO -- : 0:  timers (2.0.0) from /Users/christiannunciato/.rbenv/versions/1.9.3-p385/lib/ruby/gems/1.9.1/specifications/timers-2.0.0.gemspec
I, [2014-03-08T08:45:11.029825 #19825]  INFO -- : 0:  celluloid (0.14.1) from /Users/christiannunciato/.rbenv/versions/1.9.3-p385/lib/ruby/gems/1.9.1/specifications/celluloid-0.14.1.gemspec
I, [2014-03-08T08:45:11.030134 #19825]  INFO -- : 0:  nio4r (1.0.0) from /Users/christiannunciato/.rbenv/versions/1.9.3-p385/lib/ruby/gems/1.9.1/specifications/nio4r-1.0.0.gemspec
I, [2014-03-08T08:45:11.030439 #19825]  INFO -- : 0:  celluloid-io (0.14.1) from /Users/christiannunciato/.rbenv/versions/1.9.3-p385/lib/ruby/gems/1.9.1/specifications/celluloid-io-0.14.1.gemspec
I, [2014-03-08T08:45:11.030743 #19825]  INFO -- : 0:  erubis (2.7.0) from /Users/christiannunciato/.rbenv/versions/1.9.3-p385/lib/ruby/gems/1.9.1/specifications/erubis-2.7.0.gemspec
I, [2014-03-08T08:45:11.031055 #19825]  INFO -- : 0:  json (1.8.1) from /Users/christiannunciato/.rbenv/versions/1.9.3-p385/lib/ruby/gems/1.9.1/specifications/json-1.8.1.gemspec
I, [2014-03-08T08:45:11.031367 #19825]  INFO -- : 0:  mixlib-log (1.6.0) from /Users/christiannunciato/.rbenv/versions/1.9.3-p385/lib/ruby/gems/1.9.1/specifications/mixlib-log-1.6.0.gemspec
I, [2014-03-08T08:45:11.031677 #19825]  INFO -- : 0:  mixlib-authentication (1.3.0) from /Users/christiannunciato/.rbenv/versions/1.9.3-p385/lib/ruby/gems/1.9.1/specifications/mixlib-authentication-1.3.0.gemspec
I, [2014-03-08T08:45:11.031983 #19825]  INFO -- : 0:  net-http-persistent (2.9.4) from /Users/christiannunciato/.rbenv/versions/1.9.3-p385/lib/ruby/gems/1.9.1/specifications/net-http-persistent-2.9.4.gemspec
I, [2014-03-08T08:45:11.032300 #19825]  INFO -- : 0:  net-ssh (2.8.0) from /Users/christiannunciato/.rbenv/versions/1.9.3-p385/lib/ruby/gems/1.9.1/specifications/net-ssh-2.8.0.gemspec
I, [2014-03-08T08:45:11.032606 #19825]  INFO -- : 0:  solve (0.8.2) from /Users/christiannunciato/.rbenv/versions/1.9.3-p385/lib/ruby/gems/1.9.1/specifications/solve-0.8.2.gemspec
I, [2014-03-08T08:45:11.032925 #19825]  INFO -- : 0:  ffi (1.9.3) from /Users/christiannunciato/.rbenv/versions/1.9.3-p385/lib/ruby/gems/1.9.1/specifications/ffi-1.9.3.gemspec
I, [2014-03-08T08:45:11.033227 #19825]  INFO -- : 0:  gssapi (1.0.3) from /Users/christiannunciato/.rbenv/versions/1.9.3-p385/lib/ruby/gems/1.9.1/specifications/gssapi-1.0.3.gemspec
I, [2014-03-08T08:45:11.033539 #19825]  INFO -- : 0:  httpclient (2.3.4.1) from /Users/christiannunciato/.rbenv/versions/1.9.3-p385/lib/ruby/gems/1.9.1/specifications/httpclient-2.3.4.1.gemspec
I, [2014-03-08T08:45:11.033849 #19825]  INFO -- : 0:  little-plugger (1.1.3) from /Users/christiannunciato/.rbenv/versions/1.9.3-p385/lib/ruby/gems/1.9.1/specifications/little-plugger-1.1.3.gemspec
I, [2014-03-08T08:45:11.034159 #19825]  INFO -- : 0:  logging (1.8.2) from /Users/christiannunciato/.rbenv/versions/1.9.3-p385/lib/ruby/gems/1.9.1/specifications/logging-1.8.2.gemspec
I, [2014-03-08T08:45:11.034466 #19825]  INFO -- : 0:  rubyntlm (0.1.1) from /Users/christiannunciato/.rbenv/versions/1.9.3-p385/lib/ruby/gems/1.9.1/specifications/rubyntlm-0.1.1.gemspec
I, [2014-03-08T08:45:11.034791 #19825]  INFO -- : 0:  rack (1.5.2) from /Users/christiannunciato/.rbenv/versions/1.9.3-p385/lib/ruby/gems/1.9.1/specifications/rack-1.5.2.gemspec
I, [2014-03-08T08:45:11.035100 #19825]  INFO -- : 0:  httpi (0.9.7) from /Users/christiannunciato/.rbenv/versions/1.9.3-p385/lib/ruby/gems/1.9.1/specifications/httpi-0.9.7.gemspec
I, [2014-03-08T08:45:11.035410 #19825]  INFO -- : 0:  nori (1.1.5) from /Users/christiannunciato/.rbenv/versions/1.9.3-p385/lib/ruby/gems/1.9.1/specifications/nori-1.1.5.gemspec
I, [2014-03-08T08:45:11.035726 #19825]  INFO -- : 0:  wasabi (1.0.0) from /Users/christiannunciato/.rbenv/versions/1.9.3-p385/lib/ruby/gems/1.9.1/specifications/wasabi-1.0.0.gemspec
I, [2014-03-08T08:45:11.036058 #19825]  INFO -- : 0:  savon (0.9.5) from /Users/christiannunciato/.rbenv/versions/1.9.3-p385/lib/ruby/gems/1.9.1/specifications/savon-0.9.5.gemspec
I, [2014-03-08T08:45:11.036386 #19825]  INFO -- : 0:  uuidtools (2.1.4) from /Users/christiannunciato/.rbenv/versions/1.9.3-p385/lib/ruby/gems/1.9.1/specifications/uuidtools-2.1.4.gemspec
I, [2014-03-08T08:45:11.036710 #19825]  INFO -- : 0:  winrm (1.1.3) from /Users/christiannunciato/.rbenv/versions/1.9.3-p385/lib/ruby/gems/1.9.1/specifications/winrm-1.1.3.gemspec
I, [2014-03-08T08:45:11.037047 #19825]  INFO -- : 0:  ridley (1.5.3) from /Users/christiannunciato/.rbenv/versions/1.9.3-p385/lib/ruby/gems/1.9.1/specifications/ridley-1.5.3.gemspec
I, [2014-03-08T08:45:11.037382 #19825]  INFO -- : 0:  thor (0.18.1) from /Users/christiannunciato/.rbenv/versions/1.9.3-p385/lib/ruby/gems/1.9.1/specifications/thor-0.18.1.gemspec
I, [2014-03-08T08:45:11.037707 #19825]  INFO -- : 0:  berkshelf (2.0.14) from /Users/christiannunciato/.rbenv/versions/1.9.3-p385/lib/ruby/gems/1.9.1/specifications/berkshelf-2.0.14.gemspec
I, [2014-03-08T08:45:11.038032 #19825]  INFO -- : 0:  busser (0.6.0) from /Users/christiannunciato/.rbenv/versions/1.9.3-p385/lib/ruby/gems/1.9.1/specifications/busser-0.6.0.gemspec
I, [2014-03-08T08:45:11.038359 #19825]  INFO -- : 0:  busser-serverspec (0.2.6) from /Users/christiannunciato/.rbenv/versions/1.9.3-p385/lib/ruby/gems/1.9.1/specifications/busser-serverspec-0.2.6.gemspec
I, [2014-03-08T08:45:11.038690 #19825]  INFO -- : 0:  gherkin (2.11.8) from /Users/christiannunciato/.rbenv/versions/1.9.3-p385/lib/ruby/gems/1.9.1/specifications/gherkin-2.11.8.gemspec
I, [2014-03-08T08:45:11.039013 #19825]  INFO -- : 0:  polyglot (0.3.4) from /Users/christiannunciato/.rbenv/versions/1.9.3-p385/lib/ruby/gems/1.9.1/specifications/polyglot-0.3.4.gemspec
I, [2014-03-08T08:45:11.039339 #19825]  INFO -- : 0:  treetop (1.4.15) from /Users/christiannunciato/.rbenv/versions/1.9.3-p385/lib/ruby/gems/1.9.1/specifications/treetop-1.4.15.gemspec
I, [2014-03-08T08:45:11.039663 #19825]  INFO -- : 0:  yajl-ruby (1.1.0) from /Users/christiannunciato/.rbenv/versions/1.9.3-p385/lib/ruby/gems/1.9.1/specifications/yajl-ruby-1.1.0.gemspec
I, [2014-03-08T08:45:11.039993 #19825]  INFO -- : 0:  foodcritic (3.0.3) from /Users/christiannunciato/.rbenv/versions/1.9.3-p385/lib/ruby/gems/1.9.1/specifications/foodcritic-3.0.3.gemspec
I, [2014-03-08T08:45:11.040325 #19825]  INFO -- : 0:  mixlib-shellout (1.3.0) from /Users/christiannunciato/.rbenv/versions/1.9.3-p385/lib/ruby/gems/1.9.1/specifications/mixlib-shellout-1.3.0.gemspec
I, [2014-03-08T08:45:11.040676 #19825]  INFO -- : 0:  net-scp (1.1.2) from /Users/christiannunciato/.rbenv/versions/1.9.3-p385/lib/ruby/gems/1.9.1/specifications/net-scp-1.1.2.gemspec
I, [2014-03-08T08:45:11.041061 #19825]  INFO -- : 0:  safe_yaml (1.0.1) from /Users/christiannunciato/.rbenv/versions/1.9.3-p385/lib/ruby/gems/1.9.1/specifications/safe_yaml-1.0.1.gemspec
I, [2014-03-08T08:45:11.041457 #19825]  INFO -- : 0:  test-kitchen (1.2.1) from /Users/christiannunciato/.rbenv/versions/1.9.3-p385/lib/ruby/gems/1.9.1/specifications/test-kitchen-1.2.1.gemspec
I, [2014-03-08T08:45:11.041877 #19825]  INFO -- : 0:  kitchen-vagrant (0.14.0) from /Users/christiannunciato/.rbenv/versions/1.9.3-p385/lib/ruby/gems/1.9.1/specifications/kitchen-vagrant-0.14.0.gemspec
I, [2014-03-08T08:45:11.042254 #19825]  INFO -- : 0:  bundler (1.5.1) from /Users/christiannunciato/.rbenv/versions/1.9.3-p385/lib/ruby/gems/1.9.1/specifications/bundler-1.5.1.gemspec
I, [2014-03-08T11:46:04.268076 #22424]  INFO -- : 0:  rake (10.1.1) from /Users/christiannunciato/.rbenv/versions/1.9.3-p385/lib/ruby/gems/1.9.1/specifications/rake-10.1.1.gemspec
I, [2014-03-08T11:46:04.268877 #22424]  INFO -- : 0:  i18n (0.6.9) from /Users/christiannunciato/.rbenv/versions/1.9.3-p385/lib/ruby/gems/1.9.1/specifications/i18n-0.6.9.gemspec
I, [2014-03-08T11:46:04.269215 #22424]  INFO -- : 0:  multi_json (1.9.0) from /Users/christiannunciato/.rbenv/versions/1.9.3-p385/lib/ruby/gems/1.9.1/specifications/multi_json-1.9.0.gemspec
I, [2014-03-08T11:46:04.269578 #22424]  INFO -- : 0:  activesupport (3.2.17) from /Users/christiannunciato/.rbenv/versions/1.9.3-p385/lib/ruby/gems/1.9.1/specifications/activesupport-3.2.17.gemspec
I, [2014-03-08T11:46:04.269889 #22424]  INFO -- : 0:  addressable (2.3.5) from /Users/christiannunciato/.rbenv/versions/1.9.3-p385/lib/ruby/gems/1.9.1/specifications/addressable-2.3.5.gemspec
I, [2014-03-08T11:46:04.270180 #22424]  INFO -- : 0:  builder (3.2.2) from /Users/christiannunciato/.rbenv/versions/1.9.3-p385/lib/ruby/gems/1.9.1/specifications/builder-3.2.2.gemspec
I, [2014-03-08T11:46:04.270463 #22424]  INFO -- : 0:  gyoku (1.1.1) from /Users/christiannunciato/.rbenv/versions/1.9.3-p385/lib/ruby/gems/1.9.1/specifications/gyoku-1.1.1.gemspec
I, [2014-03-08T11:46:04.270764 #22424]  INFO -- : 0:  nokogiri (1.5.11) from /Users/christiannunciato/.rbenv/versions/1.9.3-p385/lib/ruby/gems/1.9.1/specifications/nokogiri-1.5.11.gemspec
I, [2014-03-08T11:46:04.271063 #22424]  INFO -- : 0:  akami (1.2.1) from /Users/christiannunciato/.rbenv/versions/1.9.3-p385/lib/ruby/gems/1.9.1/specifications/akami-1.2.1.gemspec
I, [2014-03-08T11:46:04.271345 #22424]  INFO -- : 0:  buff-ruby_engine (0.1.0) from /Users/christiannunciato/.rbenv/versions/1.9.3-p385/lib/ruby/gems/1.9.1/specifications/buff-ruby_engine-0.1.0.gemspec
I, [2014-03-08T11:46:04.282378 #22424]  INFO -- : 0:  buff-shell_out (0.1.1) from /Users/christiannunciato/.rbenv/versions/1.9.3-p385/lib/ruby/gems/1.9.1/specifications/buff-shell_out-0.1.1.gemspec
I, [2014-03-08T11:46:04.282767 #22424]  INFO -- : 0:  hashie (2.0.5) from /Users/christiannunciato/.rbenv/versions/1.9.3-p385/lib/ruby/gems/1.9.1/specifications/hashie-2.0.5.gemspec
I, [2014-03-08T11:46:04.283094 #22424]  INFO -- : 0:  chozo (0.6.1) from /Users/christiannunciato/.rbenv/versions/1.9.3-p385/lib/ruby/gems/1.9.1/specifications/chozo-0.6.1.gemspec
I, [2014-03-08T11:46:04.283428 #22424]  INFO -- : 0:  multipart-post (1.2.0) from /Users/christiannunciato/.rbenv/versions/1.9.3-p385/lib/ruby/gems/1.9.1/specifications/multipart-post-1.2.0.gemspec
I, [2014-03-08T11:46:04.283735 #22424]  INFO -- : 0:  faraday (0.8.9) from /Users/christiannunciato/.rbenv/versions/1.9.3-p385/lib/ruby/gems/1.9.1/specifications/faraday-0.8.9.gemspec
I, [2014-03-08T11:46:04.284054 #22424]  INFO -- : 0:  minitar (0.5.4) from /Users/christiannunciato/.rbenv/versions/1.9.3-p385/lib/ruby/gems/1.9.1/specifications/minitar-0.5.4.gemspec
I, [2014-03-08T11:46:04.284365 #22424]  INFO -- : 0:  rbzip2 (0.2.0) from /Users/christiannunciato/.rbenv/versions/1.9.3-p385/lib/ruby/gems/1.9.1/specifications/rbzip2-0.2.0.gemspec
I, [2014-03-08T11:46:04.284674 #22424]  INFO -- : 0:  retryable (1.3.5) from /Users/christiannunciato/.rbenv/versions/1.9.3-p385/lib/ruby/gems/1.9.1/specifications/retryable-1.3.5.gemspec
I, [2014-03-08T11:46:04.284985 #22424]  INFO -- : 0:  buff-extensions (0.5.0) from /Users/christiannunciato/.rbenv/versions/1.9.3-p385/lib/ruby/gems/1.9.1/specifications/buff-extensions-0.5.0.gemspec
I, [2014-03-08T11:46:04.285286 #22424]  INFO -- : 0:  varia_model (0.3.2) from /Users/christiannunciato/.rbenv/versions/1.9.3-p385/lib/ruby/gems/1.9.1/specifications/varia_model-0.3.2.gemspec
I, [2014-03-08T11:46:04.285621 #22424]  INFO -- : 0:  buff-config (0.4.0) from /Users/christiannunciato/.rbenv/versions/1.9.3-p385/lib/ruby/gems/1.9.1/specifications/buff-config-0.4.0.gemspec
I, [2014-03-08T11:46:04.285914 #22424]  INFO -- : 0:  buff-ignore (1.1.1) from /Users/christiannunciato/.rbenv/versions/1.9.3-p385/lib/ruby/gems/1.9.1/specifications/buff-ignore-1.1.1.gemspec
I, [2014-03-08T11:46:04.286217 #22424]  INFO -- : 0:  hitimes (1.2.1) from /Users/christiannunciato/.rbenv/versions/1.9.3-p385/lib/ruby/gems/1.9.1/specifications/hitimes-1.2.1.gemspec
I, [2014-03-08T11:46:04.286505 #22424]  INFO -- : 0:  timers (2.0.0) from /Users/christiannunciato/.rbenv/versions/1.9.3-p385/lib/ruby/gems/1.9.1/specifications/timers-2.0.0.gemspec
I, [2014-03-08T11:46:04.286836 #22424]  INFO -- : 0:  celluloid (0.14.1) from /Users/christiannunciato/.rbenv/versions/1.9.3-p385/lib/ruby/gems/1.9.1/specifications/celluloid-0.14.1.gemspec
I, [2014-03-08T11:46:04.287147 #22424]  INFO -- : 0:  nio4r (1.0.0) from /Users/christiannunciato/.rbenv/versions/1.9.3-p385/lib/ruby/gems/1.9.1/specifications/nio4r-1.0.0.gemspec
I, [2014-03-08T11:46:04.287437 #22424]  INFO -- : 0:  celluloid-io (0.14.1) from /Users/christiannunciato/.rbenv/versions/1.9.3-p385/lib/ruby/gems/1.9.1/specifications/celluloid-io-0.14.1.gemspec
I, [2014-03-08T11:46:04.287727 #22424]  INFO -- : 0:  erubis (2.7.0) from /Users/christiannunciato/.rbenv/versions/1.9.3-p385/lib/ruby/gems/1.9.1/specifications/erubis-2.7.0.gemspec
I, [2014-03-08T11:46:04.288024 #22424]  INFO -- : 0:  json (1.8.1) from /Users/christiannunciato/.rbenv/versions/1.9.3-p385/lib/ruby/gems/1.9.1/specifications/json-1.8.1.gemspec
I, [2014-03-08T11:46:04.288311 #22424]  INFO -- : 0:  mixlib-log (1.6.0) from /Users/christiannunciato/.rbenv/versions/1.9.3-p385/lib/ruby/gems/1.9.1/specifications/mixlib-log-1.6.0.gemspec
I, [2014-03-08T11:46:04.288611 #22424]  INFO -- : 0:  mixlib-authentication (1.3.0) from /Users/christiannunciato/.rbenv/versions/1.9.3-p385/lib/ruby/gems/1.9.1/specifications/mixlib-authentication-1.3.0.gemspec
I, [2014-03-08T11:46:04.288903 #22424]  INFO -- : 0:  net-http-persistent (2.9.4) from /Users/christiannunciato/.rbenv/versions/1.9.3-p385/lib/ruby/gems/1.9.1/specifications/net-http-persistent-2.9.4.gemspec
I, [2014-03-08T11:46:04.289200 #22424]  INFO -- : 0:  net-ssh (2.8.0) from /Users/christiannunciato/.rbenv/versions/1.9.3-p385/lib/ruby/gems/1.9.1/specifications/net-ssh-2.8.0.gemspec
I, [2014-03-08T11:46:04.289488 #22424]  INFO -- : 0:  solve (0.8.2) from /Users/christiannunciato/.rbenv/versions/1.9.3-p385/lib/ruby/gems/1.9.1/specifications/solve-0.8.2.gemspec
I, [2014-03-08T11:46:04.289794 #22424]  INFO -- : 0:  ffi (1.9.3) from /Users/christiannunciato/.rbenv/versions/1.9.3-p385/lib/ruby/gems/1.9.1/specifications/ffi-1.9.3.gemspec
I, [2014-03-08T11:46:04.290082 #22424]  INFO -- : 0:  gssapi (1.0.3) from /Users/christiannunciato/.rbenv/versions/1.9.3-p385/lib/ruby/gems/1.9.1/specifications/gssapi-1.0.3.gemspec
I, [2014-03-08T11:46:04.290369 #22424]  INFO -- : 0:  httpclient (2.3.4.1) from /Users/christiannunciato/.rbenv/versions/1.9.3-p385/lib/ruby/gems/1.9.1/specifications/httpclient-2.3.4.1.gemspec
I, [2014-03-08T11:46:04.290652 #22424]  INFO -- : 0:  little-plugger (1.1.3) from /Users/christiannunciato/.rbenv/versions/1.9.3-p385/lib/ruby/gems/1.9.1/specifications/little-plugger-1.1.3.gemspec
I, [2014-03-08T11:46:04.290946 #22424]  INFO -- : 0:  logging (1.8.2) from /Users/christiannunciato/.rbenv/versions/1.9.3-p385/lib/ruby/gems/1.9.1/specifications/logging-1.8.2.gemspec
I, [2014-03-08T11:46:04.291227 #22424]  INFO -- : 0:  rubyntlm (0.1.1) from /Users/christiannunciato/.rbenv/versions/1.9.3-p385/lib/ruby/gems/1.9.1/specifications/rubyntlm-0.1.1.gemspec
I, [2014-03-08T11:46:04.291526 #22424]  INFO -- : 0:  rack (1.5.2) from /Users/christiannunciato/.rbenv/versions/1.9.3-p385/lib/ruby/gems/1.9.1/specifications/rack-1.5.2.gemspec
I, [2014-03-08T11:46:04.291814 #22424]  INFO -- : 0:  httpi (0.9.7) from /Users/christiannunciato/.rbenv/versions/1.9.3-p385/lib/ruby/gems/1.9.1/specifications/httpi-0.9.7.gemspec
I, [2014-03-08T11:46:04.292099 #22424]  INFO -- : 0:  nori (1.1.5) from /Users/christiannunciato/.rbenv/versions/1.9.3-p385/lib/ruby/gems/1.9.1/specifications/nori-1.1.5.gemspec
I, [2014-03-08T11:46:04.292387 #22424]  INFO -- : 0:  wasabi (1.0.0) from /Users/christiannunciato/.rbenv/versions/1.9.3-p385/lib/ruby/gems/1.9.1/specifications/wasabi-1.0.0.gemspec
I, [2014-03-08T11:46:04.292672 #22424]  INFO -- : 0:  savon (0.9.5) from /Users/christiannunciato/.rbenv/versions/1.9.3-p385/lib/ruby/gems/1.9.1/specifications/savon-0.9.5.gemspec
I, [2014-03-08T11:46:04.292968 #22424]  INFO -- : 0:  uuidtools (2.1.4) from /Users/christiannunciato/.rbenv/versions/1.9.3-p385/lib/ruby/gems/1.9.1/specifications/uuidtools-2.1.4.gemspec
I, [2014-03-08T11:46:04.293273 #22424]  INFO -- : 0:  winrm (1.1.3) from /Users/christiannunciato/.rbenv/versions/1.9.3-p385/lib/ruby/gems/1.9.1/specifications/winrm-1.1.3.gemspec
I, [2014-03-08T11:46:04.293571 #22424]  INFO -- : 0:  ridley (1.5.3) from /Users/christiannunciato/.rbenv/versions/1.9.3-p385/lib/ruby/gems/1.9.1/specifications/ridley-1.5.3.gemspec
I, [2014-03-08T11:46:04.293867 #22424]  INFO -- : 0:  thor (0.18.1) from /Users/christiannunciato/.rbenv/versions/1.9.3-p385/lib/ruby/gems/1.9.1/specifications/thor-0.18.1.gemspec
I, [2014-03-08T11:46:04.294163 #22424]  INFO -- : 0:  berkshelf (2.0.14) from /Users/christiannunciato/.rbenv/versions/1.9.3-p385/lib/ruby/gems/1.9.1/specifications/berkshelf-2.0.14.gemspec
I, [2014-03-08T11:46:04.294455 #22424]  INFO -- : 0:  busser (0.6.0) from /Users/christiannunciato/.rbenv/versions/1.9.3-p385/lib/ruby/gems/1.9.1/specifications/busser-0.6.0.gemspec
I, [2014-03-08T11:46:04.294748 #22424]  INFO -- : 0:  busser-serverspec (0.2.6) from /Users/christiannunciato/.rbenv/versions/1.9.3-p385/lib/ruby/gems/1.9.1/specifications/busser-serverspec-0.2.6.gemspec
I, [2014-03-08T11:46:04.295062 #22424]  INFO -- : 0:  gherkin (2.11.8) from /Users/christiannunciato/.rbenv/versions/1.9.3-p385/lib/ruby/gems/1.9.1/specifications/gherkin-2.11.8.gemspec
I, [2014-03-08T11:46:04.295376 #22424]  INFO -- : 0:  polyglot (0.3.4) from /Users/christiannunciato/.rbenv/versions/1.9.3-p385/lib/ruby/gems/1.9.1/specifications/polyglot-0.3.4.gemspec
I, [2014-03-08T11:46:04.295687 #22424]  INFO -- : 0:  treetop (1.4.15) from /Users/christiannunciato/.rbenv/versions/1.9.3-p385/lib/ruby/gems/1.9.1/specifications/treetop-1.4.15.gemspec
I, [2014-03-08T11:46:04.296007 #22424]  INFO -- : 0:  yajl-ruby (1.1.0) from /Users/christiannunciato/.rbenv/versions/1.9.3-p385/lib/ruby/gems/1.9.1/specifications/yajl-ruby-1.1.0.gemspec
I, [2014-03-08T11:46:04.296314 #22424]  INFO -- : 0:  foodcritic (3.0.3) from /Users/christiannunciato/.rbenv/versions/1.9.3-p385/lib/ruby/gems/1.9.1/specifications/foodcritic-3.0.3.gemspec
I, [2014-03-08T11:46:04.296626 #22424]  INFO -- : 0:  mixlib-shellout (1.3.0) from /Users/christiannunciato/.rbenv/versions/1.9.3-p385/lib/ruby/gems/1.9.1/specifications/mixlib-shellout-1.3.0.gemspec
I, [2014-03-08T11:46:04.296971 #22424]  INFO -- : 0:  net-scp (1.1.2) from /Users/christiannunciato/.rbenv/versions/1.9.3-p385/lib/ruby/gems/1.9.1/specifications/net-scp-1.1.2.gemspec
I, [2014-03-08T11:46:04.297284 #22424]  INFO -- : 0:  safe_yaml (1.0.1) from /Users/christiannunciato/.rbenv/versions/1.9.3-p385/lib/ruby/gems/1.9.1/specifications/safe_yaml-1.0.1.gemspec
I, [2014-03-08T11:46:04.297603 #22424]  INFO -- : 0:  test-kitchen (1.2.1) from /Users/christiannunciato/.rbenv/versions/1.9.3-p385/lib/ruby/gems/1.9.1/specifications/test-kitchen-1.2.1.gemspec
I, [2014-03-08T11:46:04.297946 #22424]  INFO -- : 0:  kitchen-vagrant (0.14.0) from /Users/christiannunciato/.rbenv/versions/1.9.3-p385/lib/ruby/gems/1.9.1/specifications/kitchen-vagrant-0.14.0.gemspec
I, [2014-03-08T11:46:04.298260 #22424]  INFO -- : 0:  bundler (1.5.1) from /Users/christiannunciato/.rbenv/versions/1.9.3-p385/lib/ruby/gems/1.9.1/specifications/bundler-1.5.1.gemspec
I, [2014-03-08T11:46:08.161791 #22468]  INFO -- : 0:  rake (10.1.1) from /Users/christiannunciato/.rbenv/versions/1.9.3-p385/lib/ruby/gems/1.9.1/specifications/rake-10.1.1.gemspec
I, [2014-03-08T11:46:08.162282 #22468]  INFO -- : 0:  i18n (0.6.9) from /Users/christiannunciato/.rbenv/versions/1.9.3-p385/lib/ruby/gems/1.9.1/specifications/i18n-0.6.9.gemspec
I, [2014-03-08T11:46:08.162649 #22468]  INFO -- : 0:  multi_json (1.9.0) from /Users/christiannunciato/.rbenv/versions/1.9.3-p385/lib/ruby/gems/1.9.1/specifications/multi_json-1.9.0.gemspec
I, [2014-03-08T11:46:08.163024 #22468]  INFO -- : 0:  activesupport (3.2.17) from /Users/christiannunciato/.rbenv/versions/1.9.3-p385/lib/ruby/gems/1.9.1/specifications/activesupport-3.2.17.gemspec
I, [2014-03-08T11:46:08.163385 #22468]  INFO -- : 0:  addressable (2.3.5) from /Users/christiannunciato/.rbenv/versions/1.9.3-p385/lib/ruby/gems/1.9.1/specifications/addressable-2.3.5.gemspec
I, [2014-03-08T11:46:08.171657 #22468]  INFO -- : 0:  builder (3.2.2) from /Users/christiannunciato/.rbenv/versions/1.9.3-p385/lib/ruby/gems/1.9.1/specifications/builder-3.2.2.gemspec
I, [2014-03-08T11:46:08.172027 #22468]  INFO -- : 0:  gyoku (1.1.1) from /Users/christiannunciato/.rbenv/versions/1.9.3-p385/lib/ruby/gems/1.9.1/specifications/gyoku-1.1.1.gemspec
I, [2014-03-08T11:46:08.172370 #22468]  INFO -- : 0:  nokogiri (1.5.11) from /Users/christiannunciato/.rbenv/versions/1.9.3-p385/lib/ruby/gems/1.9.1/specifications/nokogiri-1.5.11.gemspec
I, [2014-03-08T11:46:08.172695 #22468]  INFO -- : 0:  akami (1.2.1) from /Users/christiannunciato/.rbenv/versions/1.9.3-p385/lib/ruby/gems/1.9.1/specifications/akami-1.2.1.gemspec
I, [2014-03-08T11:46:08.173023 #22468]  INFO -- : 0:  buff-ruby_engine (0.1.0) from /Users/christiannunciato/.rbenv/versions/1.9.3-p385/lib/ruby/gems/1.9.1/specifications/buff-ruby_engine-0.1.0.gemspec
I, [2014-03-08T11:46:08.173351 #22468]  INFO -- : 0:  buff-shell_out (0.1.1) from /Users/christiannunciato/.rbenv/versions/1.9.3-p385/lib/ruby/gems/1.9.1/specifications/buff-shell_out-0.1.1.gemspec
I, [2014-03-08T11:46:08.173681 #22468]  INFO -- : 0:  hashie (2.0.5) from /Users/christiannunciato/.rbenv/versions/1.9.3-p385/lib/ruby/gems/1.9.1/specifications/hashie-2.0.5.gemspec
I, [2014-03-08T11:46:08.174007 #22468]  INFO -- : 0:  chozo (0.6.1) from /Users/christiannunciato/.rbenv/versions/1.9.3-p385/lib/ruby/gems/1.9.1/specifications/chozo-0.6.1.gemspec
I, [2014-03-08T11:46:08.174338 #22468]  INFO -- : 0:  multipart-post (1.2.0) from /Users/christiannunciato/.rbenv/versions/1.9.3-p385/lib/ruby/gems/1.9.1/specifications/multipart-post-1.2.0.gemspec
I, [2014-03-08T11:46:08.174673 #22468]  INFO -- : 0:  faraday (0.8.9) from /Users/christiannunciato/.rbenv/versions/1.9.3-p385/lib/ruby/gems/1.9.1/specifications/faraday-0.8.9.gemspec
I, [2014-03-08T11:46:08.174994 #22468]  INFO -- : 0:  minitar (0.5.4) from /Users/christiannunciato/.rbenv/versions/1.9.3-p385/lib/ruby/gems/1.9.1/specifications/minitar-0.5.4.gemspec
I, [2014-03-08T11:46:08.175324 #22468]  INFO -- : 0:  rbzip2 (0.2.0) from /Users/christiannunciato/.rbenv/versions/1.9.3-p385/lib/ruby/gems/1.9.1/specifications/rbzip2-0.2.0.gemspec
I, [2014-03-08T11:46:08.175650 #22468]  INFO -- : 0:  retryable (1.3.5) from /Users/christiannunciato/.rbenv/versions/1.9.3-p385/lib/ruby/gems/1.9.1/specifications/retryable-1.3.5.gemspec
I, [2014-03-08T11:46:08.175972 #22468]  INFO -- : 0:  buff-extensions (0.5.0) from /Users/christiannunciato/.rbenv/versions/1.9.3-p385/lib/ruby/gems/1.9.1/specifications/buff-extensions-0.5.0.gemspec
I, [2014-03-08T11:46:08.176292 #22468]  INFO -- : 0:  varia_model (0.3.2) from /Users/christiannunciato/.rbenv/versions/1.9.3-p385/lib/ruby/gems/1.9.1/specifications/varia_model-0.3.2.gemspec
I, [2014-03-08T11:46:08.176610 #22468]  INFO -- : 0:  buff-config (0.4.0) from /Users/christiannunciato/.rbenv/versions/1.9.3-p385/lib/ruby/gems/1.9.1/specifications/buff-config-0.4.0.gemspec
I, [2014-03-08T11:46:08.176925 #22468]  INFO -- : 0:  buff-ignore (1.1.1) from /Users/christiannunciato/.rbenv/versions/1.9.3-p385/lib/ruby/gems/1.9.1/specifications/buff-ignore-1.1.1.gemspec
I, [2014-03-08T11:46:08.177230 #22468]  INFO -- : 0:  hitimes (1.2.1) from /Users/christiannunciato/.rbenv/versions/1.9.3-p385/lib/ruby/gems/1.9.1/specifications/hitimes-1.2.1.gemspec
I, [2014-03-08T11:46:08.177568 #22468]  INFO -- : 0:  timers (2.0.0) from /Users/christiannunciato/.rbenv/versions/1.9.3-p385/lib/ruby/gems/1.9.1/specifications/timers-2.0.0.gemspec
I, [2014-03-08T11:46:08.177896 #22468]  INFO -- : 0:  celluloid (0.14.1) from /Users/christiannunciato/.rbenv/versions/1.9.3-p385/lib/ruby/gems/1.9.1/specifications/celluloid-0.14.1.gemspec
I, [2014-03-08T11:46:08.178221 #22468]  INFO -- : 0:  nio4r (1.0.0) from /Users/christiannunciato/.rbenv/versions/1.9.3-p385/lib/ruby/gems/1.9.1/specifications/nio4r-1.0.0.gemspec
I, [2014-03-08T11:46:08.178546 #22468]  INFO -- : 0:  celluloid-io (0.14.1) from /Users/christiannunciato/.rbenv/versions/1.9.3-p385/lib/ruby/gems/1.9.1/specifications/celluloid-io-0.14.1.gemspec
I, [2014-03-08T11:46:08.178886 #22468]  INFO -- : 0:  erubis (2.7.0) from /Users/christiannunciato/.rbenv/versions/1.9.3-p385/lib/ruby/gems/1.9.1/specifications/erubis-2.7.0.gemspec
I, [2014-03-08T11:46:08.179217 #22468]  INFO -- : 0:  json (1.8.1) from /Users/christiannunciato/.rbenv/versions/1.9.3-p385/lib/ruby/gems/1.9.1/specifications/json-1.8.1.gemspec
I, [2014-03-08T11:46:08.179546 #22468]  INFO -- : 0:  mixlib-log (1.6.0) from /Users/christiannunciato/.rbenv/versions/1.9.3-p385/lib/ruby/gems/1.9.1/specifications/mixlib-log-1.6.0.gemspec
I, [2014-03-08T11:46:08.179873 #22468]  INFO -- : 0:  mixlib-authentication (1.3.0) from /Users/christiannunciato/.rbenv/versions/1.9.3-p385/lib/ruby/gems/1.9.1/specifications/mixlib-authentication-1.3.0.gemspec
I, [2014-03-08T11:46:08.180199 #22468]  INFO -- : 0:  net-http-persistent (2.9.4) from /Users/christiannunciato/.rbenv/versions/1.9.3-p385/lib/ruby/gems/1.9.1/specifications/net-http-persistent-2.9.4.gemspec
I, [2014-03-08T11:46:08.180531 #22468]  INFO -- : 0:  net-ssh (2.8.0) from /Users/christiannunciato/.rbenv/versions/1.9.3-p385/lib/ruby/gems/1.9.1/specifications/net-ssh-2.8.0.gemspec
I, [2014-03-08T11:46:08.180906 #22468]  INFO -- : 0:  solve (0.8.2) from /Users/christiannunciato/.rbenv/versions/1.9.3-p385/lib/ruby/gems/1.9.1/specifications/solve-0.8.2.gemspec
I, [2014-03-08T11:46:08.181244 #22468]  INFO -- : 0:  ffi (1.9.3) from /Users/christiannunciato/.rbenv/versions/1.9.3-p385/lib/ruby/gems/1.9.1/specifications/ffi-1.9.3.gemspec
I, [2014-03-08T11:46:08.181607 #22468]  INFO -- : 0:  gssapi (1.0.3) from /Users/christiannunciato/.rbenv/versions/1.9.3-p385/lib/ruby/gems/1.9.1/specifications/gssapi-1.0.3.gemspec
I, [2014-03-08T11:46:08.181946 #22468]  INFO -- : 0:  httpclient (2.3.4.1) from /Users/christiannunciato/.rbenv/versions/1.9.3-p385/lib/ruby/gems/1.9.1/specifications/httpclient-2.3.4.1.gemspec
I, [2014-03-08T11:46:08.182276 #22468]  INFO -- : 0:  little-plugger (1.1.3) from /Users/christiannunciato/.rbenv/versions/1.9.3-p385/lib/ruby/gems/1.9.1/specifications/little-plugger-1.1.3.gemspec
I, [2014-03-08T11:46:08.182620 #22468]  INFO -- : 0:  logging (1.8.2) from /Users/christiannunciato/.rbenv/versions/1.9.3-p385/lib/ruby/gems/1.9.1/specifications/logging-1.8.2.gemspec
I, [2014-03-08T11:46:08.182961 #22468]  INFO -- : 0:  rubyntlm (0.1.1) from /Users/christiannunciato/.rbenv/versions/1.9.3-p385/lib/ruby/gems/1.9.1/specifications/rubyntlm-0.1.1.gemspec
I, [2014-03-08T11:46:08.183305 #22468]  INFO -- : 0:  rack (1.5.2) from /Users/christiannunciato/.rbenv/versions/1.9.3-p385/lib/ruby/gems/1.9.1/specifications/rack-1.5.2.gemspec
I, [2014-03-08T11:46:08.183643 #22468]  INFO -- : 0:  httpi (0.9.7) from /Users/christiannunciato/.rbenv/versions/1.9.3-p385/lib/ruby/gems/1.9.1/specifications/httpi-0.9.7.gemspec
I, [2014-03-08T11:46:08.183983 #22468]  INFO -- : 0:  nori (1.1.5) from /Users/christiannunciato/.rbenv/versions/1.9.3-p385/lib/ruby/gems/1.9.1/specifications/nori-1.1.5.gemspec
I, [2014-03-08T11:46:08.184320 #22468]  INFO -- : 0:  wasabi (1.0.0) from /Users/christiannunciato/.rbenv/versions/1.9.3-p385/lib/ruby/gems/1.9.1/specifications/wasabi-1.0.0.gemspec
I, [2014-03-08T11:46:08.184657 #22468]  INFO -- : 0:  savon (0.9.5) from /Users/christiannunciato/.rbenv/versions/1.9.3-p385/lib/ruby/gems/1.9.1/specifications/savon-0.9.5.gemspec
I, [2014-03-08T11:46:08.185008 #22468]  INFO -- : 0:  uuidtools (2.1.4) from /Users/christiannunciato/.rbenv/versions/1.9.3-p385/lib/ruby/gems/1.9.1/specifications/uuidtools-2.1.4.gemspec
I, [2014-03-08T11:46:08.185352 #22468]  INFO -- : 0:  winrm (1.1.3) from /Users/christiannunciato/.rbenv/versions/1.9.3-p385/lib/ruby/gems/1.9.1/specifications/winrm-1.1.3.gemspec
I, [2014-03-08T11:46:08.185691 #22468]  INFO -- : 0:  ridley (1.5.3) from /Users/christiannunciato/.rbenv/versions/1.9.3-p385/lib/ruby/gems/1.9.1/specifications/ridley-1.5.3.gemspec
I, [2014-03-08T11:46:08.186017 #22468]  INFO -- : 0:  thor (0.18.1) from /Users/christiannunciato/.rbenv/versions/1.9.3-p385/lib/ruby/gems/1.9.1/specifications/thor-0.18.1.gemspec
I, [2014-03-08T11:46:08.186353 #22468]  INFO -- : 0:  berkshelf (2.0.14) from /Users/christiannunciato/.rbenv/versions/1.9.3-p385/lib/ruby/gems/1.9.1/specifications/berkshelf-2.0.14.gemspec
I, [2014-03-08T11:46:08.186675 #22468]  INFO -- : 0:  busser (0.6.0) from /Users/christiannunciato/.rbenv/versions/1.9.3-p385/lib/ruby/gems/1.9.1/specifications/busser-0.6.0.gemspec
I, [2014-03-08T11:46:08.186998 #22468]  INFO -- : 0:  busser-serverspec (0.2.6) from /Users/christiannunciato/.rbenv/versions/1.9.3-p385/lib/ruby/gems/1.9.1/specifications/busser-serverspec-0.2.6.gemspec
I, [2014-03-08T11:46:08.187332 #22468]  INFO -- : 0:  gherkin (2.11.8) from /Users/christiannunciato/.rbenv/versions/1.9.3-p385/lib/ruby/gems/1.9.1/specifications/gherkin-2.11.8.gemspec
I, [2014-03-08T11:46:08.187668 #22468]  INFO -- : 0:  polyglot (0.3.4) from /Users/christiannunciato/.rbenv/versions/1.9.3-p385/lib/ruby/gems/1.9.1/specifications/polyglot-0.3.4.gemspec
I, [2014-03-08T11:46:08.188002 #22468]  INFO -- : 0:  treetop (1.4.15) from /Users/christiannunciato/.rbenv/versions/1.9.3-p385/lib/ruby/gems/1.9.1/specifications/treetop-1.4.15.gemspec
I, [2014-03-08T11:46:08.188336 #22468]  INFO -- : 0:  yajl-ruby (1.1.0) from /Users/christiannunciato/.rbenv/versions/1.9.3-p385/lib/ruby/gems/1.9.1/specifications/yajl-ruby-1.1.0.gemspec
I, [2014-03-08T11:46:08.188663 #22468]  INFO -- : 0:  foodcritic (3.0.3) from /Users/christiannunciato/.rbenv/versions/1.9.3-p385/lib/ruby/gems/1.9.1/specifications/foodcritic-3.0.3.gemspec
I, [2014-03-08T11:46:08.189013 #22468]  INFO -- : 0:  mixlib-shellout (1.3.0) from /Users/christiannunciato/.rbenv/versions/1.9.3-p385/lib/ruby/gems/1.9.1/specifications/mixlib-shellout-1.3.0.gemspec
I, [2014-03-08T11:46:08.189349 #22468]  INFO -- : 0:  net-scp (1.1.2) from /Users/christiannunciato/.rbenv/versions/1.9.3-p385/lib/ruby/gems/1.9.1/specifications/net-scp-1.1.2.gemspec
I, [2014-03-08T11:46:08.189690 #22468]  INFO -- : 0:  safe_yaml (1.0.1) from /Users/christiannunciato/.rbenv/versions/1.9.3-p385/lib/ruby/gems/1.9.1/specifications/safe_yaml-1.0.1.gemspec
I, [2014-03-08T11:46:08.190029 #22468]  INFO -- : 0:  test-kitchen (1.2.1) from /Users/christiannunciato/.rbenv/versions/1.9.3-p385/lib/ruby/gems/1.9.1/specifications/test-kitchen-1.2.1.gemspec
I, [2014-03-08T11:46:08.190371 #22468]  INFO -- : 0:  kitchen-vagrant (0.14.0) from /Users/christiannunciato/.rbenv/versions/1.9.3-p385/lib/ruby/gems/1.9.1/specifications/kitchen-vagrant-0.14.0.gemspec
I, [2014-03-08T11:46:08.190679 #22468]  INFO -- : 0:  bundler (1.5.1) from /Users/christiannunciato/.rbenv/versions/1.9.3-p385/lib/ruby/gems/1.9.1/specifications/bundler-1.5.1.gemspec
