Configuring logging...
Creating platform...
Configured URL: https://api.chef-server.dev
Creating org pedant_testorg_api_17069
Validating Org Creation
Run options: include {:focus=>true, :controls=>true}

All examples were filtered out; ignoring {:focus=>true, :controls=>true}

Randomized with seed 44431

.................................

Finished in 1.29 seconds
33 examples, 0 failures

Randomized with seed 44431

Starting Pedant Run: 2015-05-15 19:30:10 UTC
 _______  _______  _______  _______  _______  ______   _______
|       ||       ||       ||       ||       ||      | |       |
|   _   ||    _  ||  _____||       ||   _   ||  _    ||    ___|
|  | |  ||   |_| || |_____ |       ||  | |  || | |   ||   |___
|  |_|  ||    ___||_____  ||      _||  |_|  || |_|   ||    ___|
|       ||   |     _____| ||     |_ |       ||       ||   |___
|_______||___|    |_______||_______||_______||______| |_______|

     _______  _______  ______   _______  __    _  _______
    |       ||       ||      | |   _   ||  |  | ||       |
    |    _  ||    ___||  _    ||  |_|  ||   |_| ||_     _|
    |   |_| ||   |___ | | |   ||       ||       |  |   |
    |    ___||    ___|| |_|   ||       ||  _    |  |   |
    |   |    |   |___ |       ||   _   || | |   |  |   |
    |___|    |_______||______| |__| |__||_|  |__|  |___|

                    "Accuracy Over Tact"

                  === Testing Environment ===
                 Config File: /var/opt/opscode/oc-chef-pedant/etc/pedant_config.rb
       HTTP Traffic Log File: /var/log/opscode/oc-chef-pedant/http-traffic.log

Running tests from the following directories:
/host/oc-chef-pedant/spec/api
Run options:
  include {:focus=>true, :controls=>true}
  exclude {:intermittent_failure=>true, :cleanup=>true}

Randomized with seed 55912


Controls API Endpoint
  v0.1.0
    POST /controls
[32m      returns a 201 ("Created") for client[0m
[32m      returns a 403 ("Forbidden") for normal_user[0m
[32m      returns a 403 ("Forbidden") for admin_user[0m
    GET /controls
[32m      returns a 405 ("Forbidden") for client[0m
[32m      returns a 405 ("Method Not Allowed") for normal_user[0m
[32m      returns a 405 ("Method Not Allowed") for admin_user[0m
    node does not exist
[32m      returns a 403 ("Forbidden") for client[0m
    invalid input
      missing run_id
[32m        returns a 400 ("Bad Request") for client missing run_id[0m
      missing node_name
[32m        returns a 400 ("Bad Request") for client missing node_name[0m
      missing control_groups
[32m        returns a 400 ("Bad Request") for client missing control_groups[0m
  v0.1.1
    POST /controls
[32m      returns a 201 ("Created") for client[0m
[32m      returns a 403 ("Forbidden") for normal_user[0m
[32m      returns a 403 ("Forbidden") for admin_user[0m
    GET /controls
[32m      returns a 405 ("Forbidden") for client[0m
[32m      returns a 405 ("Method Not Allowed") for normal_user[0m
[32m      returns a 405 ("Method Not Allowed") for admin_user[0m
    node does not exist
[32m      returns a 403 ("Forbidden") for client[0m
    invalid input
      missing run_id
[32m        returns a 400 ("Bad Request") for client missing run_id[0m
      missing node_name
[32m        returns a 400 ("Bad Request") for client missing node_name[0m
      missing control_groups
[32m        returns a 400 ("Bad Request") for client missing control_groups[0m
Deleting organization pedant_testorg_api_17069 ...

Finished in 7.32 seconds
[32m20 examples, 0 failures[0m

Randomized with seed 55912

